{"C:\\Users\\Patrick\\DEV\\2_JavaScript\\2_dev_perso\\38-kata-TDD\\43-mars-rover-kata\\kata\\MarsRover.js": {"path":"C:\\Users\\Patrick\\DEV\\2_JavaScript\\2_dev_perso\\38-kata-TDD\\43-mars-rover-kata\\kata\\MarsRover.js","all":false,"statementMap":{"0":{"start":{"line":1,"column":0},"end":{"line":1,"column":17}},"1":{"start":{"line":2,"column":0},"end":{"line":2,"column":41}},"2":{"start":{"line":3,"column":0},"end":{"line":3,"column":41}},"3":{"start":{"line":4,"column":0},"end":{"line":4,"column":42}},"4":{"start":{"line":5,"column":0},"end":{"line":5,"column":42}},"5":{"start":{"line":6,"column":0},"end":{"line":6,"column":24}},"6":{"start":{"line":7,"column":0},"end":{"line":7,"column":43}},"7":{"start":{"line":8,"column":0},"end":{"line":8,"column":0}},"8":{"start":{"line":9,"column":0},"end":{"line":9,"column":44}},"9":{"start":{"line":10,"column":0},"end":{"line":10,"column":0}},"10":{"start":{"line":11,"column":0},"end":{"line":11,"column":31}},"11":{"start":{"line":12,"column":0},"end":{"line":12,"column":8}},"12":{"start":{"line":13,"column":0},"end":{"line":13,"column":71}},"13":{"start":{"line":14,"column":0},"end":{"line":14,"column":56}},"14":{"start":{"line":15,"column":0},"end":{"line":15,"column":5}},"15":{"start":{"line":16,"column":0},"end":{"line":16,"column":0}},"16":{"start":{"line":17,"column":0},"end":{"line":17,"column":22}},"17":{"start":{"line":18,"column":0},"end":{"line":18,"column":53}},"18":{"start":{"line":19,"column":0},"end":{"line":19,"column":78}},"19":{"start":{"line":20,"column":0},"end":{"line":20,"column":33}},"20":{"start":{"line":21,"column":0},"end":{"line":21,"column":31}},"21":{"start":{"line":22,"column":0},"end":{"line":22,"column":30}},"22":{"start":{"line":23,"column":0},"end":{"line":23,"column":9}},"23":{"start":{"line":24,"column":0},"end":{"line":24,"column":5}},"24":{"start":{"line":25,"column":0},"end":{"line":25,"column":20}},"25":{"start":{"line":26,"column":0},"end":{"line":26,"column":54}},"26":{"start":{"line":27,"column":0},"end":{"line":27,"column":55}},"27":{"start":{"line":28,"column":0},"end":{"line":28,"column":8}},"28":{"start":{"line":29,"column":0},"end":{"line":29,"column":22}},"29":{"start":{"line":30,"column":0},"end":{"line":30,"column":21}},"30":{"start":{"line":31,"column":0},"end":{"line":31,"column":22}},"31":{"start":{"line":32,"column":0},"end":{"line":32,"column":10}},"32":{"start":{"line":33,"column":0},"end":{"line":33,"column":22}},"33":{"start":{"line":34,"column":0},"end":{"line":34,"column":23}},"34":{"start":{"line":35,"column":0},"end":{"line":35,"column":9}},"35":{"start":{"line":36,"column":0},"end":{"line":36,"column":0}},"36":{"start":{"line":37,"column":0},"end":{"line":37,"column":36}},"37":{"start":{"line":38,"column":0},"end":{"line":38,"column":33}},"38":{"start":{"line":39,"column":0},"end":{"line":39,"column":9}},"39":{"start":{"line":40,"column":0},"end":{"line":40,"column":36}},"40":{"start":{"line":41,"column":0},"end":{"line":41,"column":33}},"41":{"start":{"line":42,"column":0},"end":{"line":42,"column":9}},"42":{"start":{"line":43,"column":0},"end":{"line":43,"column":36}},"43":{"start":{"line":44,"column":0},"end":{"line":44,"column":33}},"44":{"start":{"line":45,"column":0},"end":{"line":45,"column":9}},"45":{"start":{"line":46,"column":0},"end":{"line":46,"column":36}},"46":{"start":{"line":47,"column":0},"end":{"line":47,"column":33}},"47":{"start":{"line":48,"column":0},"end":{"line":48,"column":9}},"48":{"start":{"line":49,"column":0},"end":{"line":49,"column":0}},"49":{"start":{"line":50,"column":0},"end":{"line":50,"column":5}},"50":{"start":{"line":51,"column":0},"end":{"line":51,"column":18}},"51":{"start":{"line":52,"column":0},"end":{"line":52,"column":31}},"52":{"start":{"line":53,"column":0},"end":{"line":53,"column":28}},"53":{"start":{"line":54,"column":0},"end":{"line":54,"column":9}},"54":{"start":{"line":55,"column":0},"end":{"line":55,"column":31}},"55":{"start":{"line":56,"column":0},"end":{"line":56,"column":28}},"56":{"start":{"line":57,"column":0},"end":{"line":57,"column":9}},"57":{"start":{"line":58,"column":0},"end":{"line":58,"column":31}},"58":{"start":{"line":59,"column":0},"end":{"line":59,"column":28}},"59":{"start":{"line":60,"column":0},"end":{"line":60,"column":9}},"60":{"start":{"line":61,"column":0},"end":{"line":61,"column":31}},"61":{"start":{"line":62,"column":0},"end":{"line":62,"column":28}},"62":{"start":{"line":63,"column":0},"end":{"line":63,"column":9}},"63":{"start":{"line":64,"column":0},"end":{"line":64,"column":5}},"64":{"start":{"line":65,"column":0},"end":{"line":65,"column":17}},"65":{"start":{"line":66,"column":0},"end":{"line":66,"column":56}},"66":{"start":{"line":67,"column":0},"end":{"line":67,"column":55}},"67":{"start":{"line":68,"column":0},"end":{"line":68,"column":8}},"68":{"start":{"line":69,"column":0},"end":{"line":69,"column":50}},"69":{"start":{"line":70,"column":0},"end":{"line":70,"column":23}},"70":{"start":{"line":71,"column":0},"end":{"line":71,"column":91}},"71":{"start":{"line":72,"column":0},"end":{"line":72,"column":52}},"72":{"start":{"line":73,"column":0},"end":{"line":73,"column":9}},"73":{"start":{"line":74,"column":0},"end":{"line":74,"column":22}},"74":{"start":{"line":75,"column":0},"end":{"line":75,"column":66}},"75":{"start":{"line":76,"column":0},"end":{"line":76,"column":52}},"76":{"start":{"line":77,"column":0},"end":{"line":77,"column":9}},"77":{"start":{"line":78,"column":0},"end":{"line":78,"column":5}},"78":{"start":{"line":79,"column":0},"end":{"line":79,"column":0}},"79":{"start":{"line":80,"column":0},"end":{"line":80,"column":1}},"80":{"start":{"line":81,"column":0},"end":{"line":81,"column":0}},"81":{"start":{"line":82,"column":0},"end":{"line":82,"column":27}}},"s":{"0":1,"1":1,"2":1,"3":1,"4":1,"5":1,"6":9,"7":9,"8":9,"9":9,"10":9,"11":9,"12":9,"13":9,"14":9,"15":1,"16":1,"17":9,"18":22,"19":22,"20":22,"21":22,"22":22,"23":9,"24":1,"25":22,"26":22,"27":22,"28":22,"29":22,"30":11,"31":11,"32":22,"33":2,"34":2,"35":22,"36":22,"37":12,"38":12,"39":22,"40":2,"41":2,"42":22,"43":3,"44":3,"45":22,"46":5,"47":5,"48":22,"49":22,"50":1,"51":22,"52":1,"53":1,"54":22,"55":2,"56":2,"57":22,"58":0,"59":0,"60":22,"61":1,"62":1,"63":22,"64":1,"65":22,"66":22,"67":22,"68":22,"69":22,"70":5,"71":5,"72":5,"73":22,"74":4,"75":4,"76":4,"77":22,"78":1,"79":1,"80":1,"81":1},"branchMap":{"0":{"type":"branch","line":2,"loc":{"start":{"line":2,"column":4},"end":{"line":5,"column":32}},"locations":[{"start":{"line":2,"column":4},"end":{"line":5,"column":32}}]},"1":{"type":"branch","line":6,"loc":{"start":{"line":6,"column":4},"end":{"line":15,"column":5}},"locations":[{"start":{"line":6,"column":4},"end":{"line":15,"column":5}}]},"2":{"type":"branch","line":17,"loc":{"start":{"line":17,"column":4},"end":{"line":24,"column":5}},"locations":[{"start":{"line":17,"column":4},"end":{"line":24,"column":5}}]},"3":{"type":"branch","line":18,"loc":{"start":{"line":18,"column":52},"end":{"line":23,"column":9}},"locations":[{"start":{"line":18,"column":52},"end":{"line":23,"column":9}}]},"4":{"type":"branch","line":25,"loc":{"start":{"line":25,"column":4},"end":{"line":50,"column":5}},"locations":[{"start":{"line":25,"column":4},"end":{"line":50,"column":5}}]},"5":{"type":"branch","line":26,"loc":{"start":{"line":26,"column":24},"end":{"line":26,"column":48}},"locations":[{"start":{"line":26,"column":24},"end":{"line":26,"column":48}}]},"6":{"type":"branch","line":26,"loc":{"start":{"line":26,"column":24},"end":{"line":26,"column":54}},"locations":[{"start":{"line":26,"column":24},"end":{"line":26,"column":54}}]},"7":{"type":"branch","line":27,"loc":{"start":{"line":27,"column":25},"end":{"line":27,"column":49}},"locations":[{"start":{"line":27,"column":25},"end":{"line":27,"column":49}}]},"8":{"type":"branch","line":27,"loc":{"start":{"line":27,"column":25},"end":{"line":27,"column":55}},"locations":[{"start":{"line":27,"column":25},"end":{"line":27,"column":55}}]},"9":{"type":"branch","line":30,"loc":{"start":{"line":30,"column":20},"end":{"line":32,"column":10}},"locations":[{"start":{"line":30,"column":20},"end":{"line":32,"column":10}}]},"10":{"type":"branch","line":33,"loc":{"start":{"line":33,"column":21},"end":{"line":35,"column":9}},"locations":[{"start":{"line":33,"column":21},"end":{"line":35,"column":9}}]},"11":{"type":"branch","line":37,"loc":{"start":{"line":37,"column":35},"end":{"line":39,"column":9}},"locations":[{"start":{"line":37,"column":35},"end":{"line":39,"column":9}}]},"12":{"type":"branch","line":40,"loc":{"start":{"line":40,"column":35},"end":{"line":42,"column":9}},"locations":[{"start":{"line":40,"column":35},"end":{"line":42,"column":9}}]},"13":{"type":"branch","line":43,"loc":{"start":{"line":43,"column":35},"end":{"line":45,"column":9}},"locations":[{"start":{"line":43,"column":35},"end":{"line":45,"column":9}}]},"14":{"type":"branch","line":46,"loc":{"start":{"line":46,"column":35},"end":{"line":48,"column":9}},"locations":[{"start":{"line":46,"column":35},"end":{"line":48,"column":9}}]},"15":{"type":"branch","line":51,"loc":{"start":{"line":51,"column":4},"end":{"line":64,"column":5}},"locations":[{"start":{"line":51,"column":4},"end":{"line":64,"column":5}}]},"16":{"type":"branch","line":52,"loc":{"start":{"line":52,"column":30},"end":{"line":54,"column":9}},"locations":[{"start":{"line":52,"column":30},"end":{"line":54,"column":9}}]},"17":{"type":"branch","line":55,"loc":{"start":{"line":55,"column":30},"end":{"line":57,"column":9}},"locations":[{"start":{"line":55,"column":30},"end":{"line":57,"column":9}}]},"18":{"type":"branch","line":58,"loc":{"start":{"line":58,"column":30},"end":{"line":60,"column":9}},"locations":[{"start":{"line":58,"column":30},"end":{"line":60,"column":9}}]},"19":{"type":"branch","line":61,"loc":{"start":{"line":61,"column":30},"end":{"line":63,"column":9}},"locations":[{"start":{"line":61,"column":30},"end":{"line":63,"column":9}}]},"20":{"type":"branch","line":65,"loc":{"start":{"line":65,"column":4},"end":{"line":78,"column":5}},"locations":[{"start":{"line":65,"column":4},"end":{"line":78,"column":5}}]},"21":{"type":"branch","line":66,"loc":{"start":{"line":66,"column":26},"end":{"line":66,"column":50}},"locations":[{"start":{"line":66,"column":26},"end":{"line":66,"column":50}}]},"22":{"type":"branch","line":66,"loc":{"start":{"line":66,"column":26},"end":{"line":66,"column":56}},"locations":[{"start":{"line":66,"column":26},"end":{"line":66,"column":56}}]},"23":{"type":"branch","line":67,"loc":{"start":{"line":67,"column":25},"end":{"line":67,"column":49}},"locations":[{"start":{"line":67,"column":25},"end":{"line":67,"column":49}}]},"24":{"type":"branch","line":67,"loc":{"start":{"line":67,"column":25},"end":{"line":67,"column":55}},"locations":[{"start":{"line":67,"column":25},"end":{"line":67,"column":55}}]},"25":{"type":"branch","line":70,"loc":{"start":{"line":70,"column":22},"end":{"line":73,"column":9}},"locations":[{"start":{"line":70,"column":22},"end":{"line":73,"column":9}}]},"26":{"type":"branch","line":74,"loc":{"start":{"line":74,"column":21},"end":{"line":77,"column":9}},"locations":[{"start":{"line":74,"column":21},"end":{"line":77,"column":9}}]},"27":{"type":"branch","line":71,"loc":{"start":{"line":71,"column":48},"end":{"line":71,"column":91}},"locations":[{"start":{"line":71,"column":48},"end":{"line":71,"column":91}}]}},"b":{"0":[1],"1":[9],"2":[9],"3":[22],"4":[22],"5":[11],"6":[11],"7":[2],"8":[20],"9":[11],"10":[2],"11":[12],"12":[2],"13":[3],"14":[5],"15":[22],"16":[1],"17":[2],"18":[0],"19":[1],"20":[22],"21":[5],"22":[17],"23":[4],"24":[18],"25":[5],"26":[4],"27":[11]},"fnMap":{"0":{"name":"<instance_members_initializer>","decl":{"start":{"line":2,"column":4},"end":{"line":5,"column":32}},"loc":{"start":{"line":2,"column":4},"end":{"line":5,"column":32}},"line":2},"1":{"name":"move","decl":{"start":{"line":6,"column":4},"end":{"line":15,"column":5}},"loc":{"start":{"line":6,"column":4},"end":{"line":15,"column":5}},"line":6},"2":{"name":"executeCommands","decl":{"start":{"line":17,"column":4},"end":{"line":24,"column":5}},"loc":{"start":{"line":17,"column":4},"end":{"line":24,"column":5}},"line":17},"3":{"name":"advance","decl":{"start":{"line":25,"column":4},"end":{"line":50,"column":5}},"loc":{"start":{"line":25,"column":4},"end":{"line":50,"column":5}},"line":25},"4":{"name":"handleEdges","decl":{"start":{"line":51,"column":4},"end":{"line":64,"column":5}},"loc":{"start":{"line":51,"column":4},"end":{"line":64,"column":5}},"line":51},"5":{"name":"turn","decl":{"start":{"line":65,"column":4},"end":{"line":78,"column":5}},"loc":{"start":{"line":65,"column":4},"end":{"line":78,"column":5}},"line":65}},"f":{"0":1,"1":9,"2":9,"3":22,"4":22,"5":22}}
}
