{"C:\\Users\\Patrick\\DEV\\2_JavaScript\\2_dev_perso\\38-kata-TDD\\43-mars-rover-kata\\kata\\MarsRover.js": {"path":"C:\\Users\\Patrick\\DEV\\2_JavaScript\\2_dev_perso\\38-kata-TDD\\43-mars-rover-kata\\kata\\MarsRover.js","all":false,"statementMap":{"0":{"start":{"line":1,"column":0},"end":{"line":1,"column":17}},"1":{"start":{"line":2,"column":0},"end":{"line":2,"column":41}},"2":{"start":{"line":3,"column":0},"end":{"line":3,"column":41}},"3":{"start":{"line":4,"column":0},"end":{"line":4,"column":45}},"4":{"start":{"line":5,"column":0},"end":{"line":5,"column":45}},"5":{"start":{"line":6,"column":0},"end":{"line":6,"column":42}},"6":{"start":{"line":7,"column":0},"end":{"line":7,"column":42}},"7":{"start":{"line":8,"column":0},"end":{"line":8,"column":29}},"8":{"start":{"line":9,"column":0},"end":{"line":9,"column":24}},"9":{"start":{"line":10,"column":0},"end":{"line":10,"column":43}},"10":{"start":{"line":11,"column":0},"end":{"line":11,"column":0}},"11":{"start":{"line":12,"column":0},"end":{"line":12,"column":44}},"12":{"start":{"line":13,"column":0},"end":{"line":13,"column":0}},"13":{"start":{"line":14,"column":0},"end":{"line":14,"column":31}},"14":{"start":{"line":15,"column":0},"end":{"line":15,"column":8}},"15":{"start":{"line":16,"column":0},"end":{"line":16,"column":71}},"16":{"start":{"line":17,"column":0},"end":{"line":17,"column":56}},"17":{"start":{"line":18,"column":0},"end":{"line":18,"column":5}},"18":{"start":{"line":19,"column":0},"end":{"line":19,"column":0}},"19":{"start":{"line":20,"column":0},"end":{"line":20,"column":22}},"20":{"start":{"line":21,"column":0},"end":{"line":21,"column":53}},"21":{"start":{"line":22,"column":0},"end":{"line":22,"column":78}},"22":{"start":{"line":23,"column":0},"end":{"line":23,"column":41}},"23":{"start":{"line":24,"column":0},"end":{"line":24,"column":31}},"24":{"start":{"line":25,"column":0},"end":{"line":25,"column":27}},"25":{"start":{"line":26,"column":0},"end":{"line":26,"column":30}},"26":{"start":{"line":27,"column":0},"end":{"line":27,"column":9}},"27":{"start":{"line":28,"column":0},"end":{"line":28,"column":5}},"28":{"start":{"line":29,"column":0},"end":{"line":29,"column":28}},"29":{"start":{"line":30,"column":0},"end":{"line":30,"column":54}},"30":{"start":{"line":31,"column":0},"end":{"line":31,"column":55}},"31":{"start":{"line":32,"column":0},"end":{"line":32,"column":8}},"32":{"start":{"line":33,"column":0},"end":{"line":33,"column":22}},"33":{"start":{"line":34,"column":0},"end":{"line":34,"column":21}},"34":{"start":{"line":35,"column":0},"end":{"line":35,"column":22}},"35":{"start":{"line":36,"column":0},"end":{"line":36,"column":10}},"36":{"start":{"line":37,"column":0},"end":{"line":37,"column":22}},"37":{"start":{"line":38,"column":0},"end":{"line":38,"column":23}},"38":{"start":{"line":39,"column":0},"end":{"line":39,"column":9}},"39":{"start":{"line":40,"column":0},"end":{"line":40,"column":0}},"40":{"start":{"line":41,"column":0},"end":{"line":41,"column":36}},"41":{"start":{"line":42,"column":0},"end":{"line":42,"column":37}},"42":{"start":{"line":43,"column":0},"end":{"line":43,"column":9}},"43":{"start":{"line":44,"column":0},"end":{"line":44,"column":36}},"44":{"start":{"line":45,"column":0},"end":{"line":45,"column":37}},"45":{"start":{"line":46,"column":0},"end":{"line":46,"column":9}},"46":{"start":{"line":47,"column":0},"end":{"line":47,"column":36}},"47":{"start":{"line":48,"column":0},"end":{"line":48,"column":37}},"48":{"start":{"line":49,"column":0},"end":{"line":49,"column":9}},"49":{"start":{"line":50,"column":0},"end":{"line":50,"column":36}},"50":{"start":{"line":51,"column":0},"end":{"line":51,"column":37}},"51":{"start":{"line":52,"column":0},"end":{"line":52,"column":9}},"52":{"start":{"line":53,"column":0},"end":{"line":53,"column":0}},"53":{"start":{"line":54,"column":0},"end":{"line":54,"column":5}},"54":{"start":{"line":55,"column":0},"end":{"line":55,"column":14}},"55":{"start":{"line":56,"column":0},"end":{"line":56,"column":38}},"56":{"start":{"line":57,"column":0},"end":{"line":57,"column":38}},"57":{"start":{"line":58,"column":0},"end":{"line":58,"column":5}},"58":{"start":{"line":59,"column":0},"end":{"line":59,"column":18}},"59":{"start":{"line":60,"column":0},"end":{"line":60,"column":35}},"60":{"start":{"line":61,"column":0},"end":{"line":61,"column":32}},"61":{"start":{"line":62,"column":0},"end":{"line":62,"column":9}},"62":{"start":{"line":63,"column":0},"end":{"line":63,"column":35}},"63":{"start":{"line":64,"column":0},"end":{"line":64,"column":32}},"64":{"start":{"line":65,"column":0},"end":{"line":65,"column":9}},"65":{"start":{"line":66,"column":0},"end":{"line":66,"column":35}},"66":{"start":{"line":67,"column":0},"end":{"line":67,"column":32}},"67":{"start":{"line":68,"column":0},"end":{"line":68,"column":9}},"68":{"start":{"line":69,"column":0},"end":{"line":69,"column":35}},"69":{"start":{"line":70,"column":0},"end":{"line":70,"column":32}},"70":{"start":{"line":71,"column":0},"end":{"line":71,"column":9}},"71":{"start":{"line":72,"column":0},"end":{"line":72,"column":5}},"72":{"start":{"line":73,"column":0},"end":{"line":73,"column":17}},"73":{"start":{"line":74,"column":0},"end":{"line":74,"column":56}},"74":{"start":{"line":75,"column":0},"end":{"line":75,"column":55}},"75":{"start":{"line":76,"column":0},"end":{"line":76,"column":8}},"76":{"start":{"line":77,"column":0},"end":{"line":77,"column":50}},"77":{"start":{"line":78,"column":0},"end":{"line":78,"column":23}},"78":{"start":{"line":79,"column":0},"end":{"line":79,"column":91}},"79":{"start":{"line":80,"column":0},"end":{"line":80,"column":52}},"80":{"start":{"line":81,"column":0},"end":{"line":81,"column":9}},"81":{"start":{"line":82,"column":0},"end":{"line":82,"column":22}},"82":{"start":{"line":83,"column":0},"end":{"line":83,"column":66}},"83":{"start":{"line":84,"column":0},"end":{"line":84,"column":52}},"84":{"start":{"line":85,"column":0},"end":{"line":85,"column":9}},"85":{"start":{"line":86,"column":0},"end":{"line":86,"column":5}},"86":{"start":{"line":87,"column":0},"end":{"line":87,"column":0}},"87":{"start":{"line":88,"column":0},"end":{"line":88,"column":1}},"88":{"start":{"line":89,"column":0},"end":{"line":89,"column":0}},"89":{"start":{"line":90,"column":0},"end":{"line":90,"column":27}}},"s":{"0":1,"1":1,"2":1,"3":1,"4":1,"5":1,"6":1,"7":1,"8":1,"9":10,"10":10,"11":10,"12":10,"13":10,"14":10,"15":10,"16":10,"17":10,"18":1,"19":1,"20":10,"21":31,"22":31,"23":31,"24":31,"25":31,"26":31,"27":10,"28":1,"29":31,"30":31,"31":31,"32":31,"33":31,"34":11,"35":11,"36":31,"37":7,"38":7,"39":31,"40":31,"41":18,"42":18,"43":31,"44":3,"45":3,"46":31,"47":4,"48":4,"49":31,"50":6,"51":6,"52":31,"53":31,"54":1,"55":31,"56":31,"57":31,"58":1,"59":31,"60":1,"61":1,"62":31,"63":3,"64":3,"65":31,"66":0,"67":0,"68":31,"69":1,"70":1,"71":31,"72":1,"73":31,"74":31,"75":31,"76":31,"77":31,"78":5,"79":5,"80":5,"81":31,"82":8,"83":8,"84":8,"85":31,"86":1,"87":1,"88":1,"89":1},"branchMap":{"0":{"type":"branch","line":2,"loc":{"start":{"line":2,"column":4},"end":{"line":8,"column":29}},"locations":[{"start":{"line":2,"column":4},"end":{"line":8,"column":29}}]},"1":{"type":"branch","line":9,"loc":{"start":{"line":9,"column":4},"end":{"line":18,"column":5}},"locations":[{"start":{"line":9,"column":4},"end":{"line":18,"column":5}}]},"2":{"type":"branch","line":20,"loc":{"start":{"line":20,"column":4},"end":{"line":28,"column":5}},"locations":[{"start":{"line":20,"column":4},"end":{"line":28,"column":5}}]},"3":{"type":"branch","line":21,"loc":{"start":{"line":21,"column":52},"end":{"line":27,"column":9}},"locations":[{"start":{"line":21,"column":52},"end":{"line":27,"column":9}}]},"4":{"type":"branch","line":29,"loc":{"start":{"line":29,"column":4},"end":{"line":54,"column":5}},"locations":[{"start":{"line":29,"column":4},"end":{"line":54,"column":5}}]},"5":{"type":"branch","line":30,"loc":{"start":{"line":30,"column":24},"end":{"line":30,"column":48}},"locations":[{"start":{"line":30,"column":24},"end":{"line":30,"column":48}}]},"6":{"type":"branch","line":30,"loc":{"start":{"line":30,"column":24},"end":{"line":30,"column":54}},"locations":[{"start":{"line":30,"column":24},"end":{"line":30,"column":54}}]},"7":{"type":"branch","line":31,"loc":{"start":{"line":31,"column":25},"end":{"line":31,"column":49}},"locations":[{"start":{"line":31,"column":25},"end":{"line":31,"column":49}}]},"8":{"type":"branch","line":31,"loc":{"start":{"line":31,"column":25},"end":{"line":31,"column":55}},"locations":[{"start":{"line":31,"column":25},"end":{"line":31,"column":55}}]},"9":{"type":"branch","line":34,"loc":{"start":{"line":34,"column":20},"end":{"line":36,"column":10}},"locations":[{"start":{"line":34,"column":20},"end":{"line":36,"column":10}}]},"10":{"type":"branch","line":37,"loc":{"start":{"line":37,"column":21},"end":{"line":39,"column":9}},"locations":[{"start":{"line":37,"column":21},"end":{"line":39,"column":9}}]},"11":{"type":"branch","line":41,"loc":{"start":{"line":41,"column":35},"end":{"line":43,"column":9}},"locations":[{"start":{"line":41,"column":35},"end":{"line":43,"column":9}}]},"12":{"type":"branch","line":44,"loc":{"start":{"line":44,"column":35},"end":{"line":46,"column":9}},"locations":[{"start":{"line":44,"column":35},"end":{"line":46,"column":9}}]},"13":{"type":"branch","line":47,"loc":{"start":{"line":47,"column":35},"end":{"line":49,"column":9}},"locations":[{"start":{"line":47,"column":35},"end":{"line":49,"column":9}}]},"14":{"type":"branch","line":50,"loc":{"start":{"line":50,"column":35},"end":{"line":52,"column":9}},"locations":[{"start":{"line":50,"column":35},"end":{"line":52,"column":9}}]},"15":{"type":"branch","line":55,"loc":{"start":{"line":55,"column":4},"end":{"line":58,"column":5}},"locations":[{"start":{"line":55,"column":4},"end":{"line":58,"column":5}}]},"16":{"type":"branch","line":59,"loc":{"start":{"line":59,"column":4},"end":{"line":72,"column":5}},"locations":[{"start":{"line":59,"column":4},"end":{"line":72,"column":5}}]},"17":{"type":"branch","line":60,"loc":{"start":{"line":60,"column":34},"end":{"line":62,"column":9}},"locations":[{"start":{"line":60,"column":34},"end":{"line":62,"column":9}}]},"18":{"type":"branch","line":63,"loc":{"start":{"line":63,"column":34},"end":{"line":65,"column":9}},"locations":[{"start":{"line":63,"column":34},"end":{"line":65,"column":9}}]},"19":{"type":"branch","line":66,"loc":{"start":{"line":66,"column":34},"end":{"line":68,"column":9}},"locations":[{"start":{"line":66,"column":34},"end":{"line":68,"column":9}}]},"20":{"type":"branch","line":69,"loc":{"start":{"line":69,"column":34},"end":{"line":71,"column":9}},"locations":[{"start":{"line":69,"column":34},"end":{"line":71,"column":9}}]},"21":{"type":"branch","line":73,"loc":{"start":{"line":73,"column":4},"end":{"line":86,"column":5}},"locations":[{"start":{"line":73,"column":4},"end":{"line":86,"column":5}}]},"22":{"type":"branch","line":74,"loc":{"start":{"line":74,"column":26},"end":{"line":74,"column":50}},"locations":[{"start":{"line":74,"column":26},"end":{"line":74,"column":50}}]},"23":{"type":"branch","line":74,"loc":{"start":{"line":74,"column":26},"end":{"line":74,"column":56}},"locations":[{"start":{"line":74,"column":26},"end":{"line":74,"column":56}}]},"24":{"type":"branch","line":75,"loc":{"start":{"line":75,"column":25},"end":{"line":75,"column":49}},"locations":[{"start":{"line":75,"column":25},"end":{"line":75,"column":49}}]},"25":{"type":"branch","line":75,"loc":{"start":{"line":75,"column":25},"end":{"line":75,"column":55}},"locations":[{"start":{"line":75,"column":25},"end":{"line":75,"column":55}}]},"26":{"type":"branch","line":78,"loc":{"start":{"line":78,"column":22},"end":{"line":81,"column":9}},"locations":[{"start":{"line":78,"column":22},"end":{"line":81,"column":9}}]},"27":{"type":"branch","line":82,"loc":{"start":{"line":82,"column":21},"end":{"line":85,"column":9}},"locations":[{"start":{"line":82,"column":21},"end":{"line":85,"column":9}}]},"28":{"type":"branch","line":79,"loc":{"start":{"line":79,"column":48},"end":{"line":79,"column":91}},"locations":[{"start":{"line":79,"column":48},"end":{"line":79,"column":91}}]}},"b":{"0":[1],"1":[10],"2":[10],"3":[31],"4":[31],"5":[11],"6":[20],"7":[7],"8":[24],"9":[11],"10":[7],"11":[18],"12":[3],"13":[4],"14":[6],"15":[31],"16":[31],"17":[1],"18":[3],"19":[0],"20":[1],"21":[31],"22":[5],"23":[26],"24":[8],"25":[23],"26":[5],"27":[8],"28":[11]},"fnMap":{"0":{"name":"<instance_members_initializer>","decl":{"start":{"line":2,"column":4},"end":{"line":8,"column":29}},"loc":{"start":{"line":2,"column":4},"end":{"line":8,"column":29}},"line":2},"1":{"name":"move","decl":{"start":{"line":9,"column":4},"end":{"line":18,"column":5}},"loc":{"start":{"line":9,"column":4},"end":{"line":18,"column":5}},"line":9},"2":{"name":"executeCommands","decl":{"start":{"line":20,"column":4},"end":{"line":28,"column":5}},"loc":{"start":{"line":20,"column":4},"end":{"line":28,"column":5}},"line":20},"3":{"name":"calculNextCoord","decl":{"start":{"line":29,"column":4},"end":{"line":54,"column":5}},"loc":{"start":{"line":29,"column":4},"end":{"line":54,"column":5}},"line":29},"4":{"name":"advance","decl":{"start":{"line":55,"column":4},"end":{"line":58,"column":5}},"loc":{"start":{"line":55,"column":4},"end":{"line":58,"column":5}},"line":55},"5":{"name":"handleEdges","decl":{"start":{"line":59,"column":4},"end":{"line":72,"column":5}},"loc":{"start":{"line":59,"column":4},"end":{"line":72,"column":5}},"line":59},"6":{"name":"turn","decl":{"start":{"line":73,"column":4},"end":{"line":86,"column":5}},"loc":{"start":{"line":73,"column":4},"end":{"line":86,"column":5}},"line":73}},"f":{"0":1,"1":10,"2":10,"3":31,"4":31,"5":31,"6":31}}
}
