TN:
SF:kata\MarsRover.js
FN:2,<instance_members_initializer>
FN:6,move
FN:17,interpreteLetters
FN:24,advance
FN:47,turn
FNF:5
FNH:5
FNDA:1,<instance_members_initializer>
FNDA:8,move
FNDA:8,interpreteLetters
FNDA:13,advance
FNDA:13,turn
DA:1,1
DA:2,1
DA:3,1
DA:4,1
DA:5,1
DA:6,1
DA:7,8
DA:8,8
DA:9,8
DA:10,8
DA:11,8
DA:12,8
DA:13,8
DA:14,8
DA:15,8
DA:16,1
DA:17,1
DA:18,8
DA:19,13
DA:20,13
DA:21,13
DA:22,13
DA:23,8
DA:24,1
DA:25,13
DA:26,13
DA:27,13
DA:28,6
DA:29,6
DA:30,13
DA:31,2
DA:32,2
DA:33,13
DA:34,13
DA:35,6
DA:36,6
DA:37,13
DA:38,1
DA:39,1
DA:40,13
DA:41,2
DA:42,2
DA:43,13
DA:44,4
DA:45,4
DA:46,13
DA:47,1
DA:48,13
DA:49,13
DA:50,13
DA:51,1
DA:52,1
DA:53,1
DA:54,13
DA:55,4
DA:56,4
DA:57,4
DA:58,13
DA:59,1
DA:60,1
DA:61,1
LF:61
LH:61
BRDA:2,0,0,1
BRDA:6,1,0,8
BRDA:17,2,0,8
BRDA:18,3,0,13
BRDA:24,4,0,13
BRDA:27,5,0,6
BRDA:30,6,0,2
BRDA:34,7,0,6
BRDA:37,8,0,1
BRDA:40,9,0,2
BRDA:43,10,0,4
BRDA:47,11,0,13
BRDA:50,12,0,1
BRDA:54,13,0,4
BRDA:51,14,0,1
BRF:15
BRH:15
end_of_record
