TN:
SF:kata\MarsRover.js
FN:2,<instance_members_initializer>
FN:6,move
FN:17,executeCommands
FN:25,advance
FN:51,handleEdges
FN:59,turn
FNF:6
FNH:6
FNDA:1,<instance_members_initializer>
FNDA:8,move
FNDA:8,executeCommands
FNDA:13,advance
FNDA:13,handleEdges
FNDA:13,turn
DA:1,1
DA:2,1
DA:3,1
DA:4,1
DA:5,1
DA:6,1
DA:7,8
DA:8,8
DA:9,8
DA:10,8
DA:11,8
DA:12,8
DA:13,8
DA:14,8
DA:15,8
DA:16,1
DA:17,1
DA:18,8
DA:19,13
DA:20,13
DA:21,13
DA:22,13
DA:23,13
DA:24,8
DA:25,1
DA:26,13
DA:27,13
DA:28,13
DA:29,13
DA:30,13
DA:31,6
DA:32,6
DA:33,13
DA:34,2
DA:35,2
DA:36,13
DA:37,13
DA:38,6
DA:39,6
DA:40,13
DA:41,1
DA:42,1
DA:43,13
DA:44,2
DA:45,2
DA:46,13
DA:47,4
DA:48,4
DA:49,13
DA:50,13
DA:51,1
DA:52,13
DA:53,1
DA:54,1
DA:55,13
DA:56,2
DA:57,2
DA:58,13
DA:59,1
DA:60,13
DA:61,13
DA:62,13
DA:63,13
DA:64,13
DA:65,1
DA:66,1
DA:67,1
DA:68,13
DA:69,4
DA:70,4
DA:71,4
DA:72,13
DA:73,1
DA:74,1
DA:75,1
DA:76,1
LF:76
LH:76
BRDA:2,0,0,1
BRDA:6,1,0,8
BRDA:17,2,0,8
BRDA:18,3,0,13
BRDA:25,4,0,13
BRDA:26,5,0,6
BRDA:26,6,0,7
BRDA:27,7,0,2
BRDA:27,8,0,11
BRDA:30,9,0,6
BRDA:33,10,0,2
BRDA:37,11,0,6
BRDA:40,12,0,1
BRDA:43,13,0,2
BRDA:46,14,0,4
BRDA:51,15,0,13
BRDA:52,16,0,1
BRDA:55,17,0,2
BRDA:59,18,0,13
BRDA:60,19,0,1
BRDA:60,20,0,12
BRDA:61,21,0,4
BRDA:61,22,0,9
BRDA:64,23,0,1
BRDA:68,24,0,4
BRDA:65,25,0,1
BRF:26
BRH:26
end_of_record
